<?xml version="1.0" encoding="UTF-8"?>
<testsuite name="jp.ac.uryukyu.ie.e195741.EnemyTest" tests="1" skipped="0" failures="0" errors="0" timestamp="2019-12-23T09:00:04" hostname="Shows-MacBook-Air.local" time="0.076">
  <properties/>
  <testcase name="attack()" classname="jp.ac.uryukyu.ie.e195741.EnemyTest" time="0.076"/>
  <system-out><![CDATA[テスト勇者のHPは10。攻撃力は5です。
テストスライムのHPは0。攻撃力は3です。
]]></system-out>
  <system-err><![CDATA[]]></system-err>
</testsuite>
